<?xml version="1.0" encoding="UTF-8"?>
<!-- Generated by org.testng.reporters.JUnitReportReporter -->
<testsuite skipped="0" hostname="DESKTOP-0T6PBGL" name="com.nexttechITC.TestRunner.TestNGTestRunner$TestRunner" tests="6" failures="0" timestamp="17 May 2022 03:24:54 GMT" time="58.345" errors="0">
  <testcase name="feature" time="13.627" classname="com.nexttechITC.TestRunner.TestNGTestRunner$TestRunner"/>
  <testcase name="feature" time="11.499" classname="com.nexttechITC.TestRunner.TestNGTestRunner$TestRunner"/>
  <testcase name="feature" time="7.453" classname="com.nexttechITC.TestRunner.TestNGTestRunner$TestRunner"/>
  <testcase name="feature" time="8.987" classname="com.nexttechITC.TestRunner.TestNGTestRunner$TestRunner"/>
  <testcase name="feature" time="4.175" classname="com.nexttechITC.TestRunner.TestNGTestRunner$TestRunner"/>
  <testcase name="feature" time="12.604" classname="com.nexttechITC.TestRunner.TestNGTestRunner$TestRunner"/>
</testsuite> <!-- com.nexttechITC.TestRunner.TestNGTestRunner$TestRunner -->
